c:\users\joshua manders-jones\source\repos\engine\engine\debug\vc141.pdb
c:\users\joshua manders-jones\source\repos\engine\engine\debug\vc141.idb
c:\users\joshua manders-jones\source\repos\engine\engine\debug\vector2.obj
c:\users\joshua manders-jones\source\repos\engine\engine\debug\transform.obj
c:\users\joshua manders-jones\source\repos\engine\engine\debug\time.obj
c:\users\joshua manders-jones\source\repos\engine\engine\debug\script.obj
c:\users\joshua manders-jones\source\repos\engine\engine\debug\rect.obj
c:\users\joshua manders-jones\source\repos\engine\engine\debug\physobject.obj
c:\users\joshua manders-jones\source\repos\engine\engine\debug\move.obj
c:\users\joshua manders-jones\source\repos\engine\engine\debug\main.obj
c:\users\joshua manders-jones\source\repos\engine\engine\debug\loadertool.obj
c:\users\joshua manders-jones\source\repos\engine\engine\debug\hierachy.obj
c:\users\joshua manders-jones\source\repos\engine\engine\debug\keyhooks.obj
c:\users\joshua manders-jones\source\repos\engine\engine\debug\charcontroller.obj
c:\users\joshua manders-jones\source\repos\engine\engine\debug\hook.obj
c:\users\joshua manders-jones\source\repos\engine\engine\debug\timecontrol.obj
c:\users\joshua manders-jones\source\repos\engine\engine\debug\movecap.obj
c:\users\joshua manders-jones\source\repos\engine\debug\engine.exe
c:\users\joshua manders-jones\source\repos\engine\debug\engine.ilk
c:\users\joshua manders-jones\source\repos\engine\debug\engine.pdb
c:\users\joshua\source\repos\engine\engine\debug\charcontroller.obj
c:\users\joshua\source\repos\engine\engine\debug\hierachy.obj
c:\users\joshua\source\repos\engine\engine\debug\hook.obj
c:\users\joshua\source\repos\engine\engine\debug\keyhooks.obj
c:\users\joshua\source\repos\engine\engine\debug\loadertool.obj
c:\users\joshua\source\repos\engine\engine\debug\main.obj
c:\users\joshua\source\repos\engine\engine\debug\move.obj
c:\users\joshua\source\repos\engine\engine\debug\movecap.obj
c:\users\joshua\source\repos\engine\engine\debug\physobject.obj
c:\users\joshua\source\repos\engine\engine\debug\rect.obj
c:\users\joshua\source\repos\engine\engine\debug\script.obj
c:\users\joshua\source\repos\engine\engine\debug\time.obj
c:\users\joshua\source\repos\engine\engine\debug\timecontrol.obj
c:\users\joshua\source\repos\engine\engine\debug\transform.obj
c:\users\joshua\source\repos\engine\engine\debug\vector2.obj
c:\users\joshua\source\repos\engine\engine\debug\vc141.idb
c:\users\joshua\source\repos\engine\engine\debug\vc141.pdb
c:\users\joshua\source\repos\engine\engine\debug\hierachy.nativecodeanalysis.xml
c:\users\joshua\source\repos\engine\engine\debug\keyhooks.nativecodeanalysis.xml
c:\users\joshua\source\repos\engine\debug\engine.pdb
c:\users\joshua\source\repos\engine\debug\engine.exe
c:\users\joshua\source\repos\engine\debug\engine.ilk
c:\users\joshua\source\repos\engine\engine\debug\engine.tlog\cl.command.1.tlog
c:\users\joshua\source\repos\engine\engine\debug\engine.tlog\cl.read.1.tlog
c:\users\joshua\source\repos\engine\engine\debug\engine.tlog\cl.write.1.tlog
c:\users\joshua\source\repos\engine\engine\debug\engine.tlog\link.command.1.tlog
c:\users\joshua\source\repos\engine\engine\debug\engine.tlog\link.read.1.tlog
c:\users\joshua\source\repos\engine\engine\debug\engine.tlog\link.write.1.tlog
